#
# A fatal error has been detected by the Java Runtime Environment:
#
#  SIGSEGV (0xb) at pc=0x00000001095393bc, pid=2361, tid=17155
#
# JRE version: Java(TM) SE Runtime Environment (7.0_80-b15) (build 1.7.0_80-b15)
# Java VM: Java HotSpot(TM) 64-Bit Server VM (24.80-b11 mixed mode bsd-amd64 compressed oops)
# Problematic frame:
# V  [libjvm.dylib+0x3393bc]
#
# Failed to write core dump. Core dumps have been disabled. To enable core dumping, try "ulimit -c unlimited" before starting Java again
#
# If you would like to submit a bug report, please visit:
#   http://bugreport.java.com/bugreport/crash.jsp
#

---------------  T H R E A D  ---------------

Current thread (0x00007fb09285b000):  JavaThread "JDWP Transport Listener: dt_socket" daemon [_thread_in_vm, id=17155, stack(0x0000700000b3b000,0x0000700000c3b000)]

siginfo:si_signo=SIGSEGV: si_errno=0, si_code=0 (SEGV0), si_addr=0x0000000000000000

Registers:
RAX=0x0000000000000001, RBX=0x0000700000c3aa8b, RCX=0x00000000000fc080, RDX=0x0000700000c3aa8b
RSP=0x0000700000c3a9f0, RBP=0x0000700000c3aa40, RSI=0x00007fb09285b000, RDI=0x00007fb091602870
R8 =0x0000000000000000, R9 =0x00007fb091716250, R10=0x00000000efc8cc8f, R11=0x00007fb091700000
R12=0x00007fb09285b000, R13=0x1000000000000000, R14=0x1000000000000000, R15=0x00007fb091602870
RIP=0x00000001095393bc, EFLAGS=0x0000000000010206, ERR=0x0000000000000000
  TRAPNO=0x000000000000000d

Top of Stack: (sp=0x0000700000c3a9f0)
0x0000700000c3a9f0:   00007fb09285b000 0000000000000000
0x0000700000c3aa00:   0000000000000000 0000000000000000
0x0000700000c3aa10:   00007fb09285b000 00007fb09285b000
0x0000700000c3aa20:   0000700000c3aa8b 0000700000c3aa90
0x0000700000c3aa30:   1000000000000000 0000000000000006
0x0000700000c3aa40:   0000700000c3aa60 0000000109c851a8
0x0000700000c3aa50:   0000000000000001 0000700000c3ab08
0x0000700000c3aa60:   0000700000c3aad0 0000000109c69fbb
0x0000700000c3aa70:   0000700000c3aaa0 00007fb091716aa0
0x0000700000c3aa80:   0000000700000032 0000000a00c3ab08
0x0000700000c3aa90:   0000000000000000 0000000000000000
0x0000700000c3aaa0:   0000000000000000 0000700000c3ac90
0x0000700000c3aab0:   0000000109c8cdc2 00007fb091717c60
0x0000700000c3aac0:   0000700000c3ab08 0000000109c98588
0x0000700000c3aad0:   0000700000c3aae0 0000000109c6a0b4
0x0000700000c3aae0:   0000700000c3ad00 0000000109c73642
0x0000700000c3aaf0:   000043c800000013 00000000000f0200
0x0000700000c3ab00:   00007fb091717e10 0000700000c3ac47
0x0000700000c3ab10:   00007fb00000003d 0000700000c3ab20
0x0000700000c3ab20:   00000000000000ef 0000700000c3ab58
0x0000700000c3ab30:   0000000000000000 0000000000000000
0x0000700000c3ab40:   000043c80000000f 00007fff0000ec80
0x0000700000c3ab50:   0000700000c3ab58 b07f000007000000
0x0000700000c3ab60:   0600000000404291 00003e74696e693c
0x0000700000c3ab70:   0000005629280300 7f00000100000000
0x0000700000c3ab80:   00000028404291b0 726f537061656808
0x0000700000c3ab90:   495b280500000074 0000000000005629
0x0000700000c3aba0:   4291b07f00000a00 616d0a0000002040
0x0000700000c3abb0:   7966697061654878 49495b2806000000
0x0000700000c3abc0:   0000000000005629 4291b07f00000a00
0x0000700000c3abd0:   616d120000008840 7966697061654878
0x0000700000c3abe0:   74726f536e656857 49495b2807000000 

Instructions: (pc=0x00000001095393bc)
0x000000010953939c:   00 00 00 41 f6 87 68 01 00 00 10 75 07 b8 63 00
0x00000001095393ac:   00 00 eb 7a 4d 85 f6 75 07 b8 17 00 00 00 eb 6e
0x00000001095393bc:   4d 8b 36 48 b8 fe fe fe fe fe fe fe fe 49 39 c6
0x00000001095393cc:   74 e7 4d 85 f6 74 e2 48 8d 05 86 81 4d 00 80 38 

Register to memory mapping:

RAX=0x0000000000000001 is an unknown value
RBX=0x0000700000c3aa8b is pointing into the stack for thread: 0x00007fb09285b000
RCX=0x00000000000fc080 is an unknown value
RDX=0x0000700000c3aa8b is pointing into the stack for thread: 0x00007fb09285b000
RSP=0x0000700000c3a9f0 is pointing into the stack for thread: 0x00007fb09285b000
RBP=0x0000700000c3aa40 is pointing into the stack for thread: 0x00007fb09285b000
RSI=0x00007fb09285b000 is a thread
RDI=0x00007fb091602870 is an unknown value
R8 =0x0000000000000000 is an unknown value
R9 =0x00007fb091716250 is an unknown value
R10=0x00000000efc8cc8f is an unknown value
R11=0x00007fb091700000 is an unknown value
R12=0x00007fb09285b000 is a thread
R13=0x1000000000000000 is an unknown value
R14=0x1000000000000000 is an unknown value
R15=0x00007fb091602870 is an unknown value


Stack: [0x0000700000b3b000,0x0000700000c3b000],  sp=0x0000700000c3a9f0,  free space=1022k
Native frames: (J=compiled Java code, j=interpreted, Vv=VM code, C=native code)
V  [libjvm.dylib+0x3393bc]
C  [libjdwp.dylib+0x201a8]  isMethodSynthetic+0x63
C  [libjdwp.dylib+0x4fbb]  methods1+0x10b
C  [libjdwp.dylib+0x50b4]  methodsWithGeneric+0xe
C  [libjdwp.dylib+0xe642]  debugLoop_run+0x1ce
C  [libjdwp.dylib+0x1f0e2]  attachThread+0x4d
V  [libjvm.dylib+0x37a08e]
V  [libjvm.dylib+0x4f8341]
V  [libjvm.dylib+0x4f9a49]
V  [libjvm.dylib+0x422b92]
C  [libsystem_pthread.dylib+0x399d]  _pthread_body+0x83
C  [libsystem_pthread.dylib+0x391a]  _pthread_body+0x0
C  [libsystem_pthread.dylib+0x1351]  thread_start+0xd


---------------  P R O C E S S  ---------------

Java Threads: ( => current thread )
  0x00007fb091825800 JavaThread "Service Thread" daemon [_thread_blocked, id=19715, stack(0x000070000104a000,0x000070000114a000)]
  0x00007fb091824800 JavaThread "C2 CompilerThread1" daemon [_thread_blocked, id=19203, stack(0x0000700000f47000,0x0000700001047000)]
  0x00007fb092853800 JavaThread "C2 CompilerThread0" daemon [_thread_blocked, id=18691, stack(0x0000700000e44000,0x0000700000f44000)]
  0x00007fb092852800 JavaThread "JDWP Command Reader" daemon [_thread_in_native, id=18179, stack(0x0000700000d41000,0x0000700000e41000)]
  0x00007fb092852000 JavaThread "JDWP Event Helper Thread" daemon [_thread_blocked, id=17667, stack(0x0000700000c3e000,0x0000700000d3e000)]
=>0x00007fb09285b000 JavaThread "JDWP Transport Listener: dt_socket" daemon [_thread_in_vm, id=17155, stack(0x0000700000b3b000,0x0000700000c3b000)]
  0x00007fb09200a000 JavaThread "Signal Dispatcher" daemon [_thread_blocked, id=13839, stack(0x0000700000a38000,0x0000700000b38000)]
  0x00007fb092000800 JavaThread "Finalizer" daemon [_thread_blocked, id=12291, stack(0x000070000082f000,0x000070000092f000)]
  0x00007fb092851000 JavaThread "Reference Handler" daemon [_thread_blocked, id=11779, stack(0x000070000072c000,0x000070000082c000)]
  0x00007fb09281f800 JavaThread "main" [_thread_blocked, id=5891, stack(0x000070000011a000,0x000070000021a000)]

Other Threads:
  0x00007fb09284e800 VMThread [stack: 0x0000700000629000,0x0000700000729000] [id=11267]
  0x00007fb092016000 WatcherThread [stack: 0x000070000114d000,0x000070000124d000] [id=20227]

VM state:not at safepoint (normal execution)

VM Mutex/Monitor currently owned by a thread: None

Heap
 PSYoungGen      total 38912K, used 2027K [0x00000007d5500000, 0x00000007d8000000, 0x0000000800000000)
  eden space 33792K, 6% used [0x00000007d5500000,0x00000007d56faf18,0x00000007d7600000)
  from space 5120K, 0% used [0x00000007d7b00000,0x00000007d7b00000,0x00000007d8000000)
  to   space 5120K, 0% used [0x00000007d7600000,0x00000007d7600000,0x00000007d7b00000)
 ParOldGen       total 87040K, used 0K [0x0000000780000000, 0x0000000785500000, 0x00000007d5500000)
  object space 87040K, 0% used [0x0000000780000000,0x0000000780000000,0x0000000785500000)
 PSPermGen       total 21504K, used 2664K [0x000000077ae00000, 0x000000077c300000, 0x0000000780000000)
  object space 21504K, 12% used [0x000000077ae00000,0x000000077b09a008,0x000000077c300000)

Card table byte_map: [0x000000010cd62000,0x000000010d18c000] byte_map_base: 0x000000010918b000

Polling page: 0x00000001089d1000

Code Cache  [0x0000000109ca2000, 0x0000000109f12000, 0x000000010cca2000)
 total_blobs=177 nmethods=4 adapters=136 free_code_cache=48768Kb largest_free_block=49918848

Compilation events (8 events):
Event: 0.190 Thread 0x00007fb092853800    1             java.lang.String::hashCode (55 bytes)
Event: 0.201 Thread 0x00007fb091824800    2             java.lang.String::indexOf (70 bytes)
Event: 0.203 Thread 0x00007fb092853800 nmethod 1 0x0000000109cff7d0 code [0x0000000109cff920, 0x0000000109cffad8]
Event: 0.205 Thread 0x00007fb091824800 nmethod 2 0x0000000109d03410 code [0x0000000109d03560, 0x0000000109d03758]
Event: 0.219 Thread 0x00007fb092853800    3             sun.nio.cs.UTF_8$Encoder::encode (361 bytes)
Event: 0.221 Thread 0x00007fb091824800    4             java.lang.String::charAt (29 bytes)
Event: 0.222 Thread 0x00007fb091824800 nmethod 4 0x0000000109d03090 code [0x0000000109d031e0, 0x0000000109d032f8]
Event: 0.228 Thread 0x00007fb092853800 nmethod 3 0x0000000109d02950 code [0x0000000109d02aa0, 0x0000000109d02e98]

GC Heap History (0 events):
No events

Deoptimization events (1 events):
Event: 0.252 Thread 0x00007fb09281f800 Uncommon trap: reason=unstable_if action=reinterpret pc=0x0000000109cffa8c method=java.lang.String.hashCode()I @ 14

Internal exceptions (2 events):
Event: 0.056 Thread 0x00007fb09281f800 Threw 0x00000007d550f4f8 at /Users/java_re/workspace/7u-2-build-macosx-x86_64/jdk7u80/2329/hotspot/src/share/vm/prims/jni.cpp:3991
Event: 0.211 Thread 0x00007fb09281f800 Threw 0x00000007d556c6e0 at /Users/java_re/workspace/7u-2-build-macosx-x86_64/jdk7u80/2329/hotspot/src/share/vm/prims/jvm.cpp:1319

Events (10 events):
Event: 120.125 Executing VM operation: GetOrSetLocal
Event: 120.125 Executing VM operation: GetOrSetLocal done
Event: 120.125 Executing VM operation: GetOrSetLocal
Event: 120.125 Executing VM operation: GetOrSetLocal done
Event: 443.878 Executing VM operation: ChangeBreakpoints
Event: 443.878 Executing VM operation: ChangeBreakpoints done
Event: 443.878 Executing VM operation: ChangeBreakpoints
Event: 443.878 Executing VM operation: ChangeBreakpoints done
Event: 443.882 Executing VM operation: RedefineClasses
Event: 443.883 Executing VM operation: RedefineClasses done


Dynamic libraries:
0x000000000a7b6000 	/System/Library/Frameworks/Cocoa.framework/Versions/A/Cocoa
0x000000000a7b6000 	/System/Library/Frameworks/Security.framework/Versions/A/Security
0x000000000a7b6000 	/System/Library/Frameworks/ApplicationServices.framework/Versions/A/ApplicationServices
0x000000000a7b6000 	/usr/lib/libz.1.dylib
0x000000000a7b6000 	/usr/lib/libSystem.B.dylib
0x000000000a7b6000 	/usr/lib/libobjc.A.dylib
0x000000000a7b6000 	/System/Library/Frameworks/CoreFoundation.framework/Versions/A/CoreFoundation
0x000000000a7b6000 	/System/Library/Frameworks/Foundation.framework/Versions/C/Foundation
0x000000000a7b6000 	/System/Library/Frameworks/AppKit.framework/Versions/C/AppKit
0x000000000a7b6000 	/System/Library/Frameworks/CoreData.framework/Versions/A/CoreData
0x000000000a7b6000 	/System/Library/PrivateFrameworks/RemoteViewServices.framework/Versions/A/RemoteViewServices
0x000000000a7b6000 	/System/Library/PrivateFrameworks/UIFoundation.framework/Versions/A/UIFoundation
0x000000000a7b6000 	/usr/lib/libScreenReader.dylib
0x000000000a7b6000 	/System/Library/Frameworks/Accelerate.framework/Versions/A/Accelerate
0x000000000a7b6000 	/System/Library/Frameworks/IOSurface.framework/Versions/A/IOSurface
0x000000000a7b6000 	/System/Library/Frameworks/AudioToolbox.framework/Versions/A/AudioToolbox
0x000000000a7b6000 	/System/Library/Frameworks/AudioUnit.framework/Versions/A/AudioUnit
0x000000000a7b6000 	/System/Library/PrivateFrameworks/DataDetectorsCore.framework/Versions/A/DataDetectorsCore
0x000000000a7b6000 	/System/Library/PrivateFrameworks/DesktopServicesPriv.framework/Versions/A/DesktopServicesPriv
0x000000000a7b6000 	/System/Library/Frameworks/Carbon.framework/Versions/A/Frameworks/HIToolbox.framework/Versions/A/HIToolbox
0x000000000a7b6000 	/System/Library/Frameworks/QuartzCore.framework/Versions/A/QuartzCore
0x000000000a7b6000 	/System/Library/Frameworks/Carbon.framework/Versions/A/Frameworks/SpeechRecognition.framework/Versions/A/SpeechRecognition
0x000000000a7b6000 	/usr/lib/libauto.dylib
0x000000000a7b6000 	/usr/lib/libicucore.A.dylib
0x000000000a7b6000 	/usr/lib/libxml2.2.dylib
0x000000000a7b6000 	/System/Library/PrivateFrameworks/CoreUI.framework/Versions/A/CoreUI
0x000000000a7b6000 	/System/Library/Frameworks/CoreAudio.framework/Versions/A/CoreAudio
0x000000000a7b6000 	/System/Library/Frameworks/DiskArbitration.framework/Versions/A/DiskArbitration
0x000000000a7b6000 	/usr/lib/liblangid.dylib
0x000000000a7b6000 	/System/Library/PrivateFrameworks/MultitouchSupport.framework/Versions/A/MultitouchSupport
0x000000000a7b6000 	/System/Library/Frameworks/IOKit.framework/Versions/A/IOKit
0x000000000a7b6000 	/usr/lib/libDiagnosticMessagesClient.dylib
0x000000000a7b6000 	/System/Library/Frameworks/CoreServices.framework/Versions/A/CoreServices
0x000000000a7b6000 	/System/Library/PrivateFrameworks/PerformanceAnalysis.framework/Versions/A/PerformanceAnalysis
0x000000000a7b6000 	/System/Library/PrivateFrameworks/GenerationalStorage.framework/Versions/A/GenerationalStorage
0x000000000a7b6000 	/System/Library/Frameworks/OpenGL.framework/Versions/A/OpenGL
0x000000000a7b6000 	/System/Library/PrivateFrameworks/Sharing.framework/Versions/A/Sharing
0x000000000a7b6000 	/System/Library/Frameworks/CoreGraphics.framework/Versions/A/CoreGraphics
0x000000000a7b6000 	/System/Library/Frameworks/CoreImage.framework/Versions/A/CoreImage
0x000000000a7b6000 	/System/Library/Frameworks/CoreText.framework/Versions/A/CoreText
0x000000000a7b6000 	/System/Library/Frameworks/ImageIO.framework/Versions/A/ImageIO
0x000000000a7b6000 	/System/Library/PrivateFrameworks/Backup.framework/Versions/A/Backup
0x000000000a7b6000 	/usr/lib/libextension.dylib
0x000000000a7b6000 	/usr/lib/libarchive.2.dylib
0x000000000a7b6000 	/System/Library/Frameworks/CFNetwork.framework/Versions/A/CFNetwork
0x000000000a7b6000 	/System/Library/Frameworks/SystemConfiguration.framework/Versions/A/SystemConfiguration
0x000000000a7b6000 	/usr/lib/libCRFSuite.dylib
0x000000000a7b6000 	/usr/lib/libc++.1.dylib
0x000000000a7b6000 	/usr/lib/libc++abi.dylib
0x000000000a7b6000 	/usr/lib/system/libcache.dylib
0x000000000a7b6000 	/usr/lib/system/libcommonCrypto.dylib
0x000000000a7b6000 	/usr/lib/system/libcompiler_rt.dylib
0x000000000a7b6000 	/usr/lib/system/libcopyfile.dylib
0x000000000a7b6000 	/usr/lib/system/libcorecrypto.dylib
0x000000000a7b6000 	/usr/lib/system/libdispatch.dylib
0x000000000a7b6000 	/usr/lib/system/libdyld.dylib
0x000000000a7b6000 	/usr/lib/system/libkeymgr.dylib
0x000000000a7b6000 	/usr/lib/system/liblaunch.dylib
0x000000000a7b6000 	/usr/lib/system/libmacho.dylib
0x000000000a7b6000 	/usr/lib/system/libquarantine.dylib
0x000000000a7b6000 	/usr/lib/system/libremovefile.dylib
0x000000000a7b6000 	/usr/lib/system/libsystem_asl.dylib
0x000000000a7b6000 	/usr/lib/system/libsystem_blocks.dylib
0x000000000a7b6000 	/usr/lib/system/libsystem_c.dylib
0x000000000a7b6000 	/usr/lib/system/libsystem_configuration.dylib
0x000000000a7b6000 	/usr/lib/system/libsystem_coreservices.dylib
0x000000000a7b6000 	/usr/lib/system/libsystem_coretls.dylib
0x000000000a7b6000 	/usr/lib/system/libsystem_dnssd.dylib
0x000000000a7b6000 	/usr/lib/system/libsystem_info.dylib
0x000000000a7b6000 	/usr/lib/system/libsystem_kernel.dylib
0x000000000a7b6000 	/usr/lib/system/libsystem_m.dylib
0x000000000a7b6000 	/usr/lib/system/libsystem_malloc.dylib
0x000000000a7b6000 	/usr/lib/system/libsystem_network.dylib
0x000000000a7b6000 	/usr/lib/system/libsystem_networkextension.dylib
0x000000000a7b6000 	/usr/lib/system/libsystem_notify.dylib
0x000000000a7b6000 	/usr/lib/system/libsystem_platform.dylib
0x000000000a7b6000 	/usr/lib/system/libsystem_pthread.dylib
0x000000000a7b6000 	/usr/lib/system/libsystem_sandbox.dylib
0x000000000a7b6000 	/usr/lib/system/libsystem_secinit.dylib
0x000000000a7b6000 	/usr/lib/system/libsystem_trace.dylib
0x000000000a7b6000 	/usr/lib/system/libunc.dylib
0x000000000a7b6000 	/usr/lib/system/libunwind.dylib
0x000000000a7b6000 	/usr/lib/system/libxpc.dylib
0x000000000a7b6000 	/usr/lib/libenergytrace.dylib
0x000000000a7b6000 	/usr/lib/libbsm.0.dylib
0x000000000a7b6000 	/usr/lib/system/libkxld.dylib
0x000000000a7b6000 	/usr/lib/libxar.1.dylib
0x000000000a7b6000 	/usr/lib/libsqlite3.dylib
0x000000000a7b6000 	/usr/lib/libpam.2.dylib
0x000000000a7b6000 	/usr/lib/libOpenScriptingUtil.dylib
0x000000000a7b6000 	/usr/lib/libbz2.1.0.dylib
0x000000000a7b6000 	/usr/lib/liblzma.5.dylib
0x000000000a7b6000 	/System/Library/Frameworks/CoreServices.framework/Versions/A/Frameworks/FSEvents.framework/Versions/A/FSEvents
0x000000000a7b6000 	/System/Library/Frameworks/CoreServices.framework/Versions/A/Frameworks/CarbonCore.framework/Versions/A/CarbonCore
0x000000000a7b6000 	/System/Library/Frameworks/CoreServices.framework/Versions/A/Frameworks/Metadata.framework/Versions/A/Metadata
0x000000000a7b6000 	/System/Library/Frameworks/CoreServices.framework/Versions/A/Frameworks/OSServices.framework/Versions/A/OSServices
0x000000000a7b6000 	/System/Library/Frameworks/CoreServices.framework/Versions/A/Frameworks/SearchKit.framework/Versions/A/SearchKit
0x000000000a7b6000 	/System/Library/Frameworks/CoreServices.framework/Versions/A/Frameworks/AE.framework/Versions/A/AE
0x000000000a7b6000 	/System/Library/Frameworks/CoreServices.framework/Versions/A/Frameworks/LaunchServices.framework/Versions/A/LaunchServices
0x000000000a7b6000 	/System/Library/Frameworks/CoreServices.framework/Versions/A/Frameworks/DictionaryServices.framework/Versions/A/DictionaryServices
0x000000000a7b6000 	/System/Library/Frameworks/CoreServices.framework/Versions/A/Frameworks/SharedFileList.framework/Versions/A/SharedFileList
0x000000000a7b6000 	/System/Library/Frameworks/NetFS.framework/Versions/A/NetFS
0x000000000a7b6000 	/System/Library/PrivateFrameworks/NetAuth.framework/Versions/A/NetAuth
0x000000000a7b6000 	/System/Library/PrivateFrameworks/login.framework/Versions/A/Frameworks/loginsupport.framework/Versions/A/loginsupport
0x000000000a7b6000 	/System/Library/PrivateFrameworks/TCC.framework/Versions/A/TCC
0x000000000a7b6000 	/usr/lib/libmecabra.dylib
0x000000000a7b6000 	/System/Library/Frameworks/ApplicationServices.framework/Versions/A/Frameworks/ATS.framework/Versions/A/ATS
0x000000000a7b6000 	/System/Library/Frameworks/ApplicationServices.framework/Versions/A/Frameworks/ColorSync.framework/Versions/A/ColorSync
0x000000000a7b6000 	/System/Library/Frameworks/ApplicationServices.framework/Versions/A/Frameworks/HIServices.framework/Versions/A/HIServices
0x000000000a7b6000 	/System/Library/Frameworks/ApplicationServices.framework/Versions/A/Frameworks/LangAnalysis.framework/Versions/A/LangAnalysis
0x000000000a7b6000 	/System/Library/Frameworks/ApplicationServices.framework/Versions/A/Frameworks/PrintCore.framework/Versions/A/PrintCore
0x000000000a7b6000 	/System/Library/Frameworks/ApplicationServices.framework/Versions/A/Frameworks/QD.framework/Versions/A/QD
0x000000000a7b6000 	/System/Library/Frameworks/ApplicationServices.framework/Versions/A/Frameworks/SpeechSynthesis.framework/Versions/A/SpeechSynthesis
0x000000000a7b6000 	/System/Library/Frameworks/Metal.framework/Versions/A/Metal
0x000000000a7b6000 	/System/Library/Frameworks/Accelerate.framework/Versions/A/Frameworks/vImage.framework/Versions/A/vImage
0x000000000a7b6000 	/System/Library/Frameworks/Accelerate.framework/Versions/A/Frameworks/vecLib.framework/Versions/A/vecLib
0x000000000a7b6000 	/System/Library/Frameworks/Accelerate.framework/Versions/A/Frameworks/vecLib.framework/Versions/A/libvDSP.dylib
0x000000000a7b6000 	/System/Library/Frameworks/Accelerate.framework/Versions/A/Frameworks/vecLib.framework/Versions/A/libvMisc.dylib
0x000000000a7b6000 	/System/Library/Frameworks/Accelerate.framework/Versions/A/Frameworks/vecLib.framework/Versions/A/libLAPACK.dylib
0x000000000a7b6000 	/System/Library/Frameworks/Accelerate.framework/Versions/A/Frameworks/vecLib.framework/Versions/A/libBLAS.dylib
0x000000000a7b6000 	/System/Library/Frameworks/Accelerate.framework/Versions/A/Frameworks/vecLib.framework/Versions/A/libLinearAlgebra.dylib
0x000000000a7b6000 	/System/Library/Frameworks/Accelerate.framework/Versions/A/Frameworks/vecLib.framework/Versions/A/libSparseBLAS.dylib
0x000000000a7b6000 	/System/Library/PrivateFrameworks/GPUCompiler.framework/libmetal_timestamp.dylib
0x000000000a7b6000 	/System/Library/Frameworks/OpenGL.framework/Versions/A/Libraries/libCoreFSCache.dylib
0x000000000a7b6000 	/System/Library/PrivateFrameworks/IOAccelerator.framework/Versions/A/IOAccelerator
0x000000000a7b6000 	/System/Library/Frameworks/ApplicationServices.framework/Versions/A/Frameworks/ATS.framework/Versions/A/Resources/libFontParser.dylib
0x000000000a7b6000 	/System/Library/Frameworks/ApplicationServices.framework/Versions/A/Frameworks/ATS.framework/Versions/A/Resources/libFontRegistry.dylib
0x000000000a7b6000 	/System/Library/PrivateFrameworks/AppleVPA.framework/Versions/A/AppleVPA
0x000000000a7b6000 	/System/Library/PrivateFrameworks/AppleJPEG.framework/Versions/A/AppleJPEG
0x000000000a7b6000 	/System/Library/Frameworks/ImageIO.framework/Versions/A/Resources/libJPEG.dylib
0x000000000a7b6000 	/System/Library/Frameworks/ImageIO.framework/Versions/A/Resources/libTIFF.dylib
0x000000000a7b6000 	/System/Library/Frameworks/ImageIO.framework/Versions/A/Resources/libPng.dylib
0x000000000a7b6000 	/System/Library/Frameworks/ImageIO.framework/Versions/A/Resources/libGIF.dylib
0x000000000a7b6000 	/System/Library/Frameworks/ImageIO.framework/Versions/A/Resources/libJP2.dylib
0x000000000a7b6000 	/System/Library/Frameworks/ImageIO.framework/Versions/A/Resources/libRadiance.dylib
0x000000000a7b6000 	/System/Library/Frameworks/CoreVideo.framework/Versions/A/CoreVideo
0x000000000a7b6000 	/System/Library/Frameworks/OpenGL.framework/Versions/A/Libraries/libGLU.dylib
0x000000000a7b6000 	/System/Library/Frameworks/OpenGL.framework/Versions/A/Libraries/libGFXShared.dylib
0x000000000a7b6000 	/System/Library/Frameworks/OpenGL.framework/Versions/A/Libraries/libGL.dylib
0x000000000a7b6000 	/System/Library/Frameworks/OpenGL.framework/Versions/A/Libraries/libGLImage.dylib
0x000000000a7b6000 	/System/Library/Frameworks/OpenGL.framework/Versions/A/Libraries/libCVMSPluginSupport.dylib
0x000000000a7b6000 	/System/Library/Frameworks/OpenGL.framework/Versions/A/Libraries/libCoreVMClient.dylib
0x000000000a7b6000 	/usr/lib/libcompression.dylib
0x000000000a7b6000 	/usr/lib/libcups.2.dylib
0x000000000a7b6000 	/System/Library/Frameworks/Kerberos.framework/Versions/A/Kerberos
0x000000000a7b6000 	/System/Library/Frameworks/GSS.framework/Versions/A/GSS
0x000000000a7b6000 	/usr/lib/libresolv.9.dylib
0x000000000a7b6000 	/usr/lib/libiconv.2.dylib
0x000000000a7b6000 	/System/Library/PrivateFrameworks/Heimdal.framework/Versions/A/Heimdal
0x000000000a7b6000 	/usr/lib/libheimdal-asn1.dylib
0x000000000a7b6000 	/System/Library/Frameworks/OpenDirectory.framework/Versions/A/OpenDirectory
0x000000000a7b6000 	/System/Library/PrivateFrameworks/CommonAuth.framework/Versions/A/CommonAuth
0x000000000a7b6000 	/System/Library/Frameworks/OpenDirectory.framework/Versions/A/Frameworks/CFOpenDirectory.framework/Versions/A/CFOpenDirectory
0x000000000a7b6000 	/System/Library/Frameworks/SecurityFoundation.framework/Versions/A/SecurityFoundation
0x000000000a7b6000 	/System/Library/PrivateFrameworks/LanguageModeling.framework/Versions/A/LanguageModeling
0x000000000a7b6000 	/usr/lib/libmarisa.dylib
0x000000000a7b6000 	/usr/lib/libChineseTokenizer.dylib
0x000000000a7b6000 	/usr/lib/libcmph.dylib
0x000000000a7b6000 	/System/Library/Frameworks/ServiceManagement.framework/Versions/A/ServiceManagement
0x000000000a7b6000 	/usr/lib/libxslt.1.dylib
0x000000000a7b6000 	/System/Library/Frameworks/Carbon.framework/Versions/A/Frameworks/Ink.framework/Versions/A/Ink
0x000000000a7b6000 	/usr/lib/libFosl_dynamic.dylib
0x000000000a7b6000 	/System/Library/PrivateFrameworks/FaceCore.framework/Versions/A/FaceCore
0x000000000a7b6000 	/System/Library/Frameworks/OpenCL.framework/Versions/A/OpenCL
0x000000000a7b6000 	/System/Library/PrivateFrameworks/CrashReporterSupport.framework/Versions/A/CrashReporterSupport
0x000000000a7b6000 	/System/Library/PrivateFrameworks/IconServices.framework/Versions/A/IconServices
0x000000000a7b6000 	/System/Library/PrivateFrameworks/Apple80211.framework/Versions/A/Apple80211
0x000000000a7b6000 	/System/Library/Frameworks/CoreWLAN.framework/Versions/A/CoreWLAN
0x000000000a7b6000 	/System/Library/Frameworks/IOBluetooth.framework/Versions/A/IOBluetooth
0x000000000a7b6000 	/System/Library/PrivateFrameworks/CoreWiFi.framework/Versions/A/CoreWiFi
0x000000000a7b6000 	/System/Library/Frameworks/CoreBluetooth.framework/Versions/A/CoreBluetooth
0x000000000a7b6000 	/System/Library/PrivateFrameworks/ChunkingLibrary.framework/Versions/A/ChunkingLibrary
0x000000000a7b6000 	/System/Library/PrivateFrameworks/DebugSymbols.framework/Versions/A/DebugSymbols
0x000000000a7b6000 	/System/Library/PrivateFrameworks/CoreSymbolication.framework/Versions/A/CoreSymbolication
0x000000000a7b6000 	/System/Library/PrivateFrameworks/Symbolication.framework/Versions/A/Symbolication
0x000000000a7b6000 	/System/Library/PrivateFrameworks/SpeechRecognitionCore.framework/Versions/A/SpeechRecognitionCore
0x000000010894c000 	/System/Library/CoreServices/Encodings/libSimplifiedChineseConverter.dylib
0x0000000109200000 	/Library/Java/JavaVirtualMachines/jdk1.7.0_80.jdk/Contents/Home/jre/lib/server/libjvm.dylib
0x000000000a7b6000 	/usr/lib/libstdc++.6.dylib
0x0000000108994000 	/Library/Java/JavaVirtualMachines/jdk1.7.0_80.jdk/Contents/Home/jre/lib/libverify.dylib
0x00000001089a1000 	/Library/Java/JavaVirtualMachines/jdk1.7.0_80.jdk/Contents/Home/jre/lib/libjava.dylib
0x0000000109c65000 	/Library/Java/JavaVirtualMachines/jdk1.7.0_80.jdk/Contents/Home/jre/lib/libjdwp.dylib
0x00000001089d2000 	/Library/Java/JavaVirtualMachines/jdk1.7.0_80.jdk/Contents/Home/jre/lib/libnpt.dylib
0x00000001089df000 	/Library/Java/JavaVirtualMachines/jdk1.7.0_80.jdk/Contents/Home/jre/lib/libzip.dylib
0x0000000112dfc000 	/System/Library/Frameworks/JavaVM.framework/Frameworks/JavaRuntimeSupport.framework/JavaRuntimeSupport
0x00000001089e9000 	/System/Library/Frameworks/JavaVM.framework/Versions/A/Frameworks/JavaNativeFoundation.framework/Versions/A/JavaNativeFoundation
0x0000000112e17000 	/System/Library/Frameworks/JavaVM.framework/Versions/A/JavaVM
0x000000000a7b6000 	/System/Library/Frameworks/Carbon.framework/Versions/A/Carbon
0x0000000112e24000 	/System/Library/PrivateFrameworks/JavaLaunching.framework/Versions/A/JavaLaunching
0x000000000a7b6000 	/System/Library/Frameworks/Carbon.framework/Versions/A/Frameworks/CommonPanels.framework/Versions/A/CommonPanels
0x000000000a7b6000 	/System/Library/Frameworks/Carbon.framework/Versions/A/Frameworks/Help.framework/Versions/A/Help
0x000000000a7b6000 	/System/Library/Frameworks/Carbon.framework/Versions/A/Frameworks/ImageCapture.framework/Versions/A/ImageCapture
0x000000000a7b6000 	/System/Library/Frameworks/Carbon.framework/Versions/A/Frameworks/OpenScripting.framework/Versions/A/OpenScripting
0x000000000a7b6000 	/System/Library/Frameworks/Carbon.framework/Versions/A/Frameworks/Print.framework/Versions/A/Print
0x000000000a7b6000 	/System/Library/Frameworks/Carbon.framework/Versions/A/Frameworks/SecurityHI.framework/Versions/A/SecurityHI
0x0000000114744000 	/Library/Java/JavaVirtualMachines/jdk1.7.0_80.jdk/Contents/Home/jre/lib/libdt_socket.dylib

VM Arguments:
jvm_args: -agentlib:jdwp=transport=dt_socket,address=127.0.0.1:53879,suspend=y,server=n -Dfile.encoding=UTF-8 
java_command: com.hans.offer.tree.heap.HeapSort
Launcher Type: SUN_STANDARD

Environment Variables:
JAVA_HOME=/Library/Java/JavaVirtualMachines/jdk1.7.0_80.jdk/Contents/Home
PATH=/Users/Hans/bin:/Users/Hans/go/bin:/usr/local/bin:/usr/bin:/bin:/usr/sbin:/sbin:/usr/local/go/bin:/Users/Hans/Library/Android/sdk/platform-tools:/Users/Hans/Tomcat8/bin:/Users/Hans/NodeJs/mongodb/bin:/usr/local/mysql/bin
SHELL=/bin/bash

Signal Handlers:
SIGSEGV: [libjvm.dylib+0x52e8c9], sa_mask[0]=0xfffefeff, sa_flags=0x00000043
SIGBUS: [libjvm.dylib+0x52e8c9], sa_mask[0]=0xfffefeff, sa_flags=0x00000042
SIGFPE: [libjvm.dylib+0x42022e], sa_mask[0]=0xfffefeff, sa_flags=0x00000042
SIGPIPE: [libjvm.dylib+0x42022e], sa_mask[0]=0xfffefeff, sa_flags=0x00000042
SIGXFSZ: [libjvm.dylib+0x42022e], sa_mask[0]=0xfffefeff, sa_flags=0x00000042
SIGILL: [libjvm.dylib+0x42022e], sa_mask[0]=0xfffefeff, sa_flags=0x00000042
SIGUSR1: SIG_DFL, sa_mask[0]=0x00000000, sa_flags=0x00000000
SIGUSR2: [libjvm.dylib+0x41fd20], sa_mask[0]=0x00000004, sa_flags=0x00000042
SIGHUP: [libjvm.dylib+0x41dfd5], sa_mask[0]=0xfffefeff, sa_flags=0x00000042
SIGINT: [libjvm.dylib+0x41dfd5], sa_mask[0]=0xfffefeff, sa_flags=0x00000042
SIGTERM: [libjvm.dylib+0x41dfd5], sa_mask[0]=0xfffefeff, sa_flags=0x00000042
SIGQUIT: [libjvm.dylib+0x41dfd5], sa_mask[0]=0xfffefeff, sa_flags=0x00000042


---------------  S Y S T E M  ---------------

OS:Bsduname:Darwin 15.5.0 Darwin Kernel Version 15.5.0: Tue Apr 19 18:36:36 PDT 2016; root:xnu-3248.50.21~8/RELEASE_X86_64 x86_64
rlimit: STACK 8192k, CORE 0k, NPROC 709, NOFILE 10240, AS infinity
load average:2.75 2.78 2.66

CPU:total 4 (2 cores per cpu, 2 threads per core) family 6 model 69 stepping 1, cmov, cx8, fxsr, mmx, sse, sse2, sse3, ssse3, sse4.1, sse4.2, popcnt, avx, avx2, aes, erms, ht, tsc, tscinvbit

Memory: 4k page, physical 8388608k(2097152k free)

/proc/meminfo:


vm_info: Java HotSpot(TM) 64-Bit Server VM (24.80-b11) for bsd-amd64 JRE (1.7.0_80-b15), built on Apr 10 2015 11:25:43 by "java_re" with gcc 4.2.1 (Based on Apple Inc. build 5658) (LLVM build 2336.11.00)

time: Wed Feb 22 22:39:44 2017
elapsed time: 443 seconds

